[0.010s] Invoking command in '/home/asrl/ROS2_UWBPoseTracker/UWBPoseTracker_ws/build/decawave_interfaces': CMAKE_PREFIX_PATH=${CMAKE_PREFIX_PATH}:/home/asrl/ROS2_UWBPoseTracker/UWBPoseTracker_ws/install/decawave_pose_tracker:/opt/ros/foxy:/home/asrl/ros2_decawave/install/decawave_test_controller /usr/bin/cmake --build /home/asrl/ROS2_UWBPoseTracker/UWBPoseTracker_ws/build/decawave_interfaces -- -j16 -l16
[0.026s] -- Found ament_cmake: 0.9.12 (/opt/ros/foxy/share/ament_cmake/cmake)
[0.046s] -- Found PythonInterp: /usr/bin/python3 (found suitable version "3.8.10", minimum required is "3") 
[0.046s] -- Using PYTHON_EXECUTABLE: /usr/bin/python3
[0.154s] -- Override CMake install command with custom implementation using symlinks instead of copying resources
[0.158s] -- Found std_msgs: 2.0.5 (/opt/ros/foxy/share/std_msgs/cmake)
[0.171s] -- Using all available rosidl_typesupport_c: rosidl_typesupport_fastrtps_c;rosidl_typesupport_introspection_c
[0.173s] -- Found rosidl_adapter: 1.3.1 (/opt/ros/foxy/share/rosidl_adapter/cmake)
[0.245s] -- Using all available rosidl_typesupport_cpp: rosidl_typesupport_fastrtps_cpp;rosidl_typesupport_introspection_cpp
[0.270s] -- Found rosidl_default_generators: 1.0.1 (/opt/ros/foxy/share/rosidl_default_generators/cmake)
[0.291s] -- Found PythonInterp: /usr/bin/python3 (found version "3.8.10") 
[0.394s] -- Found ament_cmake_ros: 0.9.2 (/opt/ros/foxy/share/ament_cmake_ros/cmake)
[0.497s] -- Using all available rosidl_typesupport_c: rosidl_typesupport_fastrtps_c;rosidl_typesupport_introspection_c
[0.533s] -- Using all available rosidl_typesupport_cpp: rosidl_typesupport_fastrtps_cpp;rosidl_typesupport_introspection_cpp
[0.552s] -- Found PythonInterp: /usr/bin/python3 (found suitable version "3.8.10", minimum required is "3.5") 
[0.552s] -- Found python_cmake_module: 0.8.1 (/opt/ros/foxy/share/python_cmake_module/cmake)
[0.568s] -- Using PYTHON_EXECUTABLE: /usr/bin/python3
[0.568s] -- Using PYTHON_INCLUDE_DIRS: /usr/include/python3.8
[0.568s] -- Using PYTHON_LIBRARIES: /usr/lib/x86_64-linux-gnu/libpython3.8.so
[0.590s] -- Found ament_lint_auto: 0.9.8 (/opt/ros/foxy/share/ament_lint_auto/cmake)
[0.596s] -- Added test 'lint_cmake' to check CMake code style
[0.597s] -- Added test 'xmllint' to check XML markup files
[0.599s] -- Configuring done
[0.623s] -- Generating done
[0.625s] -- Build files have been written to: /home/asrl/ROS2_UWBPoseTracker/UWBPoseTracker_ws/build/decawave_interfaces
[0.640s] [35m[1mScanning dependencies of target decawave_interfaces__rosidl_generator_c[0m
[0.646s] [  2%] Built target decawave_interfaces__cpp
[0.647s] [  5%] [32mBuilding C object CMakeFiles/decawave_interfaces__rosidl_generator_c.dir/rosidl_generator_c/decawave_interfaces/msg/detail/deca_range__functions.c.o[0m
[0.647s] [  7%] [32mBuilding C object CMakeFiles/decawave_interfaces__rosidl_generator_c.dir/rosidl_generator_c/decawave_interfaces/msg/detail/deca_range_b__functions.c.o[0m
[0.653s] [35m[1mScanning dependencies of target decawave_interfaces__rosidl_typesupport_cpp[0m
[0.653s] [35m[1mScanning dependencies of target decawave_interfaces__rosidl_typesupport_introspection_cpp[0m
[0.653s] [35m[1mScanning dependencies of target decawave_interfaces__rosidl_typesupport_fastrtps_cpp[0m
[0.661s] [ 20%] [32mBuilding CXX object CMakeFiles/decawave_interfaces__rosidl_typesupport_cpp.dir/rosidl_typesupport_cpp/decawave_interfaces/msg/deca_range_b__type_support.cpp.o[0m
[0.661s] [ 20%] [32mBuilding CXX object CMakeFiles/decawave_interfaces__rosidl_typesupport_fastrtps_cpp.dir/rosidl_typesupport_fastrtps_cpp/decawave_interfaces/msg/detail/dds_fastrtps/deca_range__type_support.cpp.o[0m
[0.661s] [ 20%] [32mBuilding CXX object CMakeFiles/decawave_interfaces__rosidl_typesupport_introspection_cpp.dir/rosidl_typesupport_introspection_cpp/decawave_interfaces/msg/detail/deca_range__type_support.cpp.o[0m
[0.661s] [ 20%] [32mBuilding CXX object CMakeFiles/decawave_interfaces__rosidl_typesupport_introspection_cpp.dir/rosidl_typesupport_introspection_cpp/decawave_interfaces/msg/detail/deca_range_b__type_support.cpp.o[0m
[0.661s] [ 20%] [32mBuilding CXX object CMakeFiles/decawave_interfaces__rosidl_typesupport_cpp.dir/rosidl_typesupport_cpp/decawave_interfaces/msg/deca_range__type_support.cpp.o[0m
[0.662s] [ 23%] [32mBuilding CXX object CMakeFiles/decawave_interfaces__rosidl_typesupport_fastrtps_cpp.dir/rosidl_typesupport_fastrtps_cpp/decawave_interfaces/msg/detail/dds_fastrtps/deca_range_b__type_support.cpp.o[0m
[0.681s] [ 25%] [32m[1mLinking C shared library libdecawave_interfaces__rosidl_generator_c.so[0m
[0.705s] [ 28%] Built target decawave_interfaces__rosidl_generator_c
[0.713s] [35m[1mScanning dependencies of target decawave_interfaces__rosidl_typesupport_introspection_c[0m
[0.713s] [35m[1mScanning dependencies of target decawave_interfaces__rosidl_typesupport_c[0m
[0.721s] [ 30%] [32mBuilding CXX object CMakeFiles/decawave_interfaces__rosidl_typesupport_c.dir/rosidl_typesupport_c/decawave_interfaces/msg/deca_range_b__type_support.cpp.o[0m
[0.723s] [ 33%] [32mBuilding CXX object CMakeFiles/decawave_interfaces__rosidl_typesupport_c.dir/rosidl_typesupport_c/decawave_interfaces/msg/deca_range__type_support.cpp.o[0m
[0.723s] [ 35%] [32mBuilding C object CMakeFiles/decawave_interfaces__rosidl_typesupport_introspection_c.dir/rosidl_typesupport_introspection_c/decawave_interfaces/msg/detail/deca_range__type_support.c.o[0m
[0.723s] [ 38%] [32mBuilding C object CMakeFiles/decawave_interfaces__rosidl_typesupport_introspection_c.dir/rosidl_typesupport_introspection_c/decawave_interfaces/msg/detail/deca_range_b__type_support.c.o[0m
[0.743s] [ 41%] [32m[1mLinking CXX shared library libdecawave_interfaces__rosidl_typesupport_c.so[0m
[0.754s] [ 43%] [32m[1mLinking C shared library libdecawave_interfaces__rosidl_typesupport_introspection_c.so[0m
[0.772s] [ 46%] Built target decawave_interfaces__rosidl_typesupport_c
[0.774s] [ 48%] Built target decawave_interfaces__rosidl_typesupport_introspection_c
[0.839s] [ 51%] [32m[1mLinking CXX shared library libdecawave_interfaces__rosidl_typesupport_cpp.so[0m
[0.842s] [ 53%] [32m[1mLinking CXX shared library libdecawave_interfaces__rosidl_typesupport_introspection_cpp.so[0m
[0.864s] [ 56%] Built target decawave_interfaces__rosidl_typesupport_cpp
[0.880s] [ 58%] Built target decawave_interfaces__rosidl_typesupport_introspection_cpp
[0.913s] [ 61%] [32m[1mLinking CXX shared library libdecawave_interfaces__rosidl_typesupport_fastrtps_cpp.so[0m
[0.962s] [ 64%] Built target decawave_interfaces__rosidl_typesupport_fastrtps_cpp
[0.969s] [35m[1mScanning dependencies of target decawave_interfaces__rosidl_typesupport_fastrtps_c[0m
[0.977s] [ 66%] [32mBuilding CXX object CMakeFiles/decawave_interfaces__rosidl_typesupport_fastrtps_c.dir/rosidl_typesupport_fastrtps_c/decawave_interfaces/msg/detail/deca_range__type_support_c.cpp.o[0m
[0.977s] [ 69%] [32mBuilding CXX object CMakeFiles/decawave_interfaces__rosidl_typesupport_fastrtps_c.dir/rosidl_typesupport_fastrtps_c/decawave_interfaces/msg/detail/deca_range_b__type_support_c.cpp.o[0m
[1.179s] [ 71%] [32m[1mLinking CXX shared library libdecawave_interfaces__rosidl_typesupport_fastrtps_c.so[0m
[1.230s] [ 74%] Built target decawave_interfaces__rosidl_typesupport_fastrtps_c
[1.241s] [ 74%] Built target decawave_interfaces
[1.254s] [ 76%] Built target decawave_interfaces__py
[1.261s] [35m[1mScanning dependencies of target decawave_interfaces__python[0m
[1.270s] [ 79%] [32mBuilding C object CMakeFiles/decawave_interfaces__python.dir/rosidl_generator_py/decawave_interfaces/msg/_deca_range_b_s.c.o[0m
[1.270s] [ 82%] [32mBuilding C object CMakeFiles/decawave_interfaces__python.dir/rosidl_generator_py/decawave_interfaces/msg/_deca_range_s.c.o[0m
[1.325s] [ 84%] [32m[1mLinking C shared library rosidl_generator_py/decawave_interfaces/libdecawave_interfaces__python.so[0m
[1.350s] [ 84%] Built target decawave_interfaces__python
[1.356s] [35m[1mScanning dependencies of target decawave_interfaces__rosidl_typesupport_c__pyext[0m
[1.356s] [35m[1mScanning dependencies of target decawave_interfaces__rosidl_typesupport_introspection_c__pyext[0m
[1.356s] [35m[1mScanning dependencies of target decawave_interfaces__rosidl_typesupport_fastrtps_c__pyext[0m
[1.365s] [ 87%] [32mBuilding C object CMakeFiles/decawave_interfaces__rosidl_typesupport_c__pyext.dir/rosidl_generator_py/decawave_interfaces/_decawave_interfaces_s.ep.rosidl_typesupport_c.c.o[0m
[1.365s] [ 89%] [32mBuilding C object CMakeFiles/decawave_interfaces__rosidl_typesupport_introspection_c__pyext.dir/rosidl_generator_py/decawave_interfaces/_decawave_interfaces_s.ep.rosidl_typesupport_introspection_c.c.o[0m
[1.366s] [ 92%] [32mBuilding C object CMakeFiles/decawave_interfaces__rosidl_typesupport_fastrtps_c__pyext.dir/rosidl_generator_py/decawave_interfaces/_decawave_interfaces_s.ep.rosidl_typesupport_fastrtps_c.c.o[0m
[1.413s] [100%] [32m[1mLinking CXX shared library rosidl_generator_py/decawave_interfaces/decawave_interfaces_s__rosidl_typesupport_fastrtps_c.cpython-38-x86_64-linux-gnu.so[0m
[1.413s] [100%] [32m[1mLinking C shared library rosidl_generator_py/decawave_interfaces/decawave_interfaces_s__rosidl_typesupport_introspection_c.cpython-38-x86_64-linux-gnu.so[0m
[1.413s] [100%] [32m[1mLinking C shared library rosidl_generator_py/decawave_interfaces/decawave_interfaces_s__rosidl_typesupport_c.cpython-38-x86_64-linux-gnu.so[0m
[1.436s] [100%] Built target decawave_interfaces__rosidl_typesupport_introspection_c__pyext
[1.436s] [100%] Built target decawave_interfaces__rosidl_typesupport_c__pyext
[1.453s] [100%] Built target decawave_interfaces__rosidl_typesupport_fastrtps_c__pyext
[1.459s] Invoked command in '/home/asrl/ROS2_UWBPoseTracker/UWBPoseTracker_ws/build/decawave_interfaces' returned '0': CMAKE_PREFIX_PATH=${CMAKE_PREFIX_PATH}:/home/asrl/ROS2_UWBPoseTracker/UWBPoseTracker_ws/install/decawave_pose_tracker:/opt/ros/foxy:/home/asrl/ros2_decawave/install/decawave_test_controller /usr/bin/cmake --build /home/asrl/ROS2_UWBPoseTracker/UWBPoseTracker_ws/build/decawave_interfaces -- -j16 -l16
[1.511s] Invoking command in '/home/asrl/ROS2_UWBPoseTracker/UWBPoseTracker_ws/build/decawave_interfaces': CMAKE_PREFIX_PATH=${CMAKE_PREFIX_PATH}:/home/asrl/ROS2_UWBPoseTracker/UWBPoseTracker_ws/install/decawave_pose_tracker:/opt/ros/foxy:/home/asrl/ros2_decawave/install/decawave_test_controller /usr/bin/cmake --install /home/asrl/ROS2_UWBPoseTracker/UWBPoseTracker_ws/build/decawave_interfaces
[1.516s] -- Install configuration: ""
[1.516s] -- Execute custom install script
[1.517s] -- Up-to-date symlink: /home/asrl/ROS2_UWBPoseTracker/UWBPoseTracker_ws/install/decawave_interfaces/share/ament_index/resource_index/rosidl_interfaces/decawave_interfaces
[1.517s] -- Up-to-date symlink: /home/asrl/ROS2_UWBPoseTracker/UWBPoseTracker_ws/install/decawave_interfaces/include/decawave_interfaces/msg/deca_range.h
[1.517s] -- Up-to-date symlink: /home/asrl/ROS2_UWBPoseTracker/UWBPoseTracker_ws/install/decawave_interfaces/include/decawave_interfaces/msg/deca_range_b.h
[1.517s] -- Up-to-date symlink: /home/asrl/ROS2_UWBPoseTracker/UWBPoseTracker_ws/install/decawave_interfaces/include/decawave_interfaces/msg/detail/deca_range__functions.h
[1.517s] -- Up-to-date symlink: /home/asrl/ROS2_UWBPoseTracker/UWBPoseTracker_ws/install/decawave_interfaces/include/decawave_interfaces/msg/detail/deca_range__struct.h
[1.517s] -- Up-to-date symlink: /home/asrl/ROS2_UWBPoseTracker/UWBPoseTracker_ws/install/decawave_interfaces/include/decawave_interfaces/msg/detail/deca_range__type_support.h
[1.517s] -- Up-to-date symlink: /home/asrl/ROS2_UWBPoseTracker/UWBPoseTracker_ws/install/decawave_interfaces/include/decawave_interfaces/msg/detail/deca_range_b__functions.h
[1.517s] -- Up-to-date symlink: /home/asrl/ROS2_UWBPoseTracker/UWBPoseTracker_ws/install/decawave_interfaces/include/decawave_interfaces/msg/detail/deca_range_b__struct.h
[1.517s] -- Up-to-date symlink: /home/asrl/ROS2_UWBPoseTracker/UWBPoseTracker_ws/install/decawave_interfaces/include/decawave_interfaces/msg/detail/deca_range_b__type_support.h
[1.517s] -- Up-to-date symlink: /home/asrl/ROS2_UWBPoseTracker/UWBPoseTracker_ws/install/decawave_interfaces/include/decawave_interfaces/msg/rosidl_generator_c__visibility_control.h
[1.518s] -- Up-to-date symlink: /home/asrl/ROS2_UWBPoseTracker/UWBPoseTracker_ws/install/decawave_interfaces/share/decawave_interfaces/environment/library_path.sh
[1.518s] -- Up-to-date symlink: /home/asrl/ROS2_UWBPoseTracker/UWBPoseTracker_ws/install/decawave_interfaces/share/decawave_interfaces/environment/library_path.dsv
[1.518s] -- Up-to-date symlink: /home/asrl/ROS2_UWBPoseTracker/UWBPoseTracker_ws/install/decawave_interfaces/include/decawave_interfaces/msg/detail/deca_range__rosidl_typesupport_fastrtps_c.h
[1.518s] -- Up-to-date symlink: /home/asrl/ROS2_UWBPoseTracker/UWBPoseTracker_ws/install/decawave_interfaces/include/decawave_interfaces/msg/detail/deca_range_b__rosidl_typesupport_fastrtps_c.h
[1.518s] -- Up-to-date symlink: /home/asrl/ROS2_UWBPoseTracker/UWBPoseTracker_ws/install/decawave_interfaces/include/decawave_interfaces/msg/rosidl_typesupport_fastrtps_c__visibility_control.h
[1.519s] -- Up-to-date symlink: /home/asrl/ROS2_UWBPoseTracker/UWBPoseTracker_ws/install/decawave_interfaces/lib/libdecawave_interfaces__rosidl_typesupport_fastrtps_c.so
[1.519s] -- Up-to-date symlink: /home/asrl/ROS2_UWBPoseTracker/UWBPoseTracker_ws/install/decawave_interfaces/include/decawave_interfaces/msg/detail/deca_range__rosidl_typesupport_fastrtps_cpp.hpp
[1.519s] -- Up-to-date symlink: /home/asrl/ROS2_UWBPoseTracker/UWBPoseTracker_ws/install/decawave_interfaces/include/decawave_interfaces/msg/detail/deca_range_b__rosidl_typesupport_fastrtps_cpp.hpp
[1.519s] -- Up-to-date symlink: /home/asrl/ROS2_UWBPoseTracker/UWBPoseTracker_ws/install/decawave_interfaces/include/decawave_interfaces/msg/rosidl_typesupport_fastrtps_cpp__visibility_control.h
[1.519s] -- Up-to-date symlink: /home/asrl/ROS2_UWBPoseTracker/UWBPoseTracker_ws/install/decawave_interfaces/lib/libdecawave_interfaces__rosidl_typesupport_fastrtps_cpp.so
[1.520s] -- Up-to-date symlink: /home/asrl/ROS2_UWBPoseTracker/UWBPoseTracker_ws/install/decawave_interfaces/include/decawave_interfaces/msg/detail/deca_range__rosidl_typesupport_introspection_c.h
[1.520s] -- Up-to-date symlink: /home/asrl/ROS2_UWBPoseTracker/UWBPoseTracker_ws/install/decawave_interfaces/include/decawave_interfaces/msg/detail/deca_range_b__rosidl_typesupport_introspection_c.h
[1.520s] -- Up-to-date symlink: /home/asrl/ROS2_UWBPoseTracker/UWBPoseTracker_ws/install/decawave_interfaces/include/decawave_interfaces/msg/rosidl_typesupport_introspection_c__visibility_control.h
[1.520s] -- Up-to-date symlink: /home/asrl/ROS2_UWBPoseTracker/UWBPoseTracker_ws/install/decawave_interfaces/include/decawave_interfaces/msg/deca_range.hpp
[1.520s] -- Up-to-date symlink: /home/asrl/ROS2_UWBPoseTracker/UWBPoseTracker_ws/install/decawave_interfaces/include/decawave_interfaces/msg/deca_range_b.hpp
[1.520s] -- Up-to-date symlink: /home/asrl/ROS2_UWBPoseTracker/UWBPoseTracker_ws/install/decawave_interfaces/include/decawave_interfaces/msg/detail/deca_range__builder.hpp
[1.520s] -- Up-to-date symlink: /home/asrl/ROS2_UWBPoseTracker/UWBPoseTracker_ws/install/decawave_interfaces/include/decawave_interfaces/msg/detail/deca_range__struct.hpp
[1.520s] -- Up-to-date symlink: /home/asrl/ROS2_UWBPoseTracker/UWBPoseTracker_ws/install/decawave_interfaces/include/decawave_interfaces/msg/detail/deca_range__traits.hpp
[1.520s] -- Up-to-date symlink: /home/asrl/ROS2_UWBPoseTracker/UWBPoseTracker_ws/install/decawave_interfaces/include/decawave_interfaces/msg/detail/deca_range__type_support.hpp
[1.520s] -- Up-to-date symlink: /home/asrl/ROS2_UWBPoseTracker/UWBPoseTracker_ws/install/decawave_interfaces/include/decawave_interfaces/msg/detail/deca_range_b__builder.hpp
[1.521s] -- Up-to-date symlink: /home/asrl/ROS2_UWBPoseTracker/UWBPoseTracker_ws/install/decawave_interfaces/include/decawave_interfaces/msg/detail/deca_range_b__struct.hpp
[1.521s] -- Up-to-date symlink: /home/asrl/ROS2_UWBPoseTracker/UWBPoseTracker_ws/install/decawave_interfaces/include/decawave_interfaces/msg/detail/deca_range_b__traits.hpp
[1.521s] -- Up-to-date symlink: /home/asrl/ROS2_UWBPoseTracker/UWBPoseTracker_ws/install/decawave_interfaces/include/decawave_interfaces/msg/detail/deca_range_b__type_support.hpp
[1.521s] -- Up-to-date symlink: /home/asrl/ROS2_UWBPoseTracker/UWBPoseTracker_ws/install/decawave_interfaces/include/decawave_interfaces/msg/rosidl_generator_cpp__visibility_control.hpp
[1.521s] -- Up-to-date symlink: /home/asrl/ROS2_UWBPoseTracker/UWBPoseTracker_ws/install/decawave_interfaces/include/decawave_interfaces/msg/detail/deca_range__rosidl_typesupport_introspection_cpp.hpp
[1.521s] -- Up-to-date symlink: /home/asrl/ROS2_UWBPoseTracker/UWBPoseTracker_ws/install/decawave_interfaces/include/decawave_interfaces/msg/detail/deca_range_b__rosidl_typesupport_introspection_cpp.hpp
[1.521s] -- Up-to-date symlink: /home/asrl/ROS2_UWBPoseTracker/UWBPoseTracker_ws/install/decawave_interfaces/share/decawave_interfaces/environment/pythonpath.sh
[1.521s] -- Up-to-date symlink: /home/asrl/ROS2_UWBPoseTracker/UWBPoseTracker_ws/install/decawave_interfaces/share/decawave_interfaces/environment/pythonpath.dsv
[1.522s] -- Up-to-date symlink: /home/asrl/ROS2_UWBPoseTracker/UWBPoseTracker_ws/install/decawave_interfaces/lib/python3.8/site-packages/decawave_interfaces/__init__.py
[1.522s] -- Up-to-date symlink: /home/asrl/ROS2_UWBPoseTracker/UWBPoseTracker_ws/install/decawave_interfaces/lib/python3.8/site-packages/decawave_interfaces/msg/__init__.py
[1.522s] -- Up-to-date symlink: /home/asrl/ROS2_UWBPoseTracker/UWBPoseTracker_ws/install/decawave_interfaces/lib/python3.8/site-packages/decawave_interfaces/msg/_deca_range.py
[1.522s] -- Up-to-date symlink: /home/asrl/ROS2_UWBPoseTracker/UWBPoseTracker_ws/install/decawave_interfaces/lib/python3.8/site-packages/decawave_interfaces/msg/_deca_range_b.py
[1.522s] -- Up-to-date symlink: /home/asrl/ROS2_UWBPoseTracker/UWBPoseTracker_ws/install/decawave_interfaces/lib/python3.8/site-packages/decawave_interfaces/decawave_interfaces_s__rosidl_typesupport_fastrtps_c.cpython-38-x86_64-linux-gnu.so
[1.523s] -- Up-to-date symlink: /home/asrl/ROS2_UWBPoseTracker/UWBPoseTracker_ws/install/decawave_interfaces/lib/python3.8/site-packages/decawave_interfaces/decawave_interfaces_s__rosidl_typesupport_introspection_c.cpython-38-x86_64-linux-gnu.so
[1.523s] -- Up-to-date symlink: /home/asrl/ROS2_UWBPoseTracker/UWBPoseTracker_ws/install/decawave_interfaces/lib/python3.8/site-packages/decawave_interfaces/decawave_interfaces_s__rosidl_typesupport_c.cpython-38-x86_64-linux-gnu.so
[1.523s] -- Up-to-date symlink: /home/asrl/ROS2_UWBPoseTracker/UWBPoseTracker_ws/install/decawave_interfaces/lib/libdecawave_interfaces__python.so
[1.523s] -- Up-to-date symlink: /home/asrl/ROS2_UWBPoseTracker/UWBPoseTracker_ws/install/decawave_interfaces/share/decawave_interfaces/msg/DecaRange.idl
[1.524s] -- Up-to-date symlink: /home/asrl/ROS2_UWBPoseTracker/UWBPoseTracker_ws/install/decawave_interfaces/share/decawave_interfaces/msg/DecaRangeB.idl
[1.524s] -- Up-to-date symlink: /home/asrl/ROS2_UWBPoseTracker/UWBPoseTracker_ws/install/decawave_interfaces/share/decawave_interfaces/msg/DecaRange.msg
[1.524s] -- Up-to-date symlink: /home/asrl/ROS2_UWBPoseTracker/UWBPoseTracker_ws/install/decawave_interfaces/share/decawave_interfaces/msg/DecaRangeB.msg
[1.524s] -- Up-to-date symlink: /home/asrl/ROS2_UWBPoseTracker/UWBPoseTracker_ws/install/decawave_interfaces/share/ament_index/resource_index/package_run_dependencies/decawave_interfaces
[1.524s] -- Up-to-date symlink: /home/asrl/ROS2_UWBPoseTracker/UWBPoseTracker_ws/install/decawave_interfaces/share/ament_index/resource_index/parent_prefix_path/decawave_interfaces
[1.524s] -- Up-to-date symlink: /home/asrl/ROS2_UWBPoseTracker/UWBPoseTracker_ws/install/decawave_interfaces/share/decawave_interfaces/environment/ament_prefix_path.sh
[1.524s] -- Up-to-date symlink: /home/asrl/ROS2_UWBPoseTracker/UWBPoseTracker_ws/install/decawave_interfaces/share/decawave_interfaces/environment/ament_prefix_path.dsv
[1.525s] -- Up-to-date symlink: /home/asrl/ROS2_UWBPoseTracker/UWBPoseTracker_ws/install/decawave_interfaces/share/decawave_interfaces/environment/path.sh
[1.525s] -- Up-to-date symlink: /home/asrl/ROS2_UWBPoseTracker/UWBPoseTracker_ws/install/decawave_interfaces/share/decawave_interfaces/environment/path.dsv
[1.525s] -- Up-to-date symlink: /home/asrl/ROS2_UWBPoseTracker/UWBPoseTracker_ws/install/decawave_interfaces/share/decawave_interfaces/local_setup.bash
[1.525s] -- Up-to-date symlink: /home/asrl/ROS2_UWBPoseTracker/UWBPoseTracker_ws/install/decawave_interfaces/share/decawave_interfaces/local_setup.sh
[1.525s] -- Up-to-date symlink: /home/asrl/ROS2_UWBPoseTracker/UWBPoseTracker_ws/install/decawave_interfaces/share/decawave_interfaces/local_setup.zsh
[1.525s] -- Up-to-date symlink: /home/asrl/ROS2_UWBPoseTracker/UWBPoseTracker_ws/install/decawave_interfaces/share/decawave_interfaces/local_setup.dsv
[1.525s] -- Symlinking: /home/asrl/ROS2_UWBPoseTracker/UWBPoseTracker_ws/install/decawave_interfaces/share/decawave_interfaces/package.dsv
[1.530s] -- Up-to-date symlink: /home/asrl/ROS2_UWBPoseTracker/UWBPoseTracker_ws/install/decawave_interfaces/share/ament_index/resource_index/packages/decawave_interfaces
[1.531s] -- Up-to-date symlink: /home/asrl/ROS2_UWBPoseTracker/UWBPoseTracker_ws/install/decawave_interfaces/share/decawave_interfaces/cmake/rosidl_cmake-extras.cmake
[1.531s] -- Up-to-date symlink: /home/asrl/ROS2_UWBPoseTracker/UWBPoseTracker_ws/install/decawave_interfaces/share/decawave_interfaces/cmake/ament_cmake_export_dependencies-extras.cmake
[1.531s] -- Up-to-date symlink: /home/asrl/ROS2_UWBPoseTracker/UWBPoseTracker_ws/install/decawave_interfaces/share/decawave_interfaces/cmake/ament_cmake_export_libraries-extras.cmake
[1.531s] -- Up-to-date symlink: /home/asrl/ROS2_UWBPoseTracker/UWBPoseTracker_ws/install/decawave_interfaces/share/decawave_interfaces/cmake/ament_cmake_export_targets-extras.cmake
[1.531s] -- Up-to-date symlink: /home/asrl/ROS2_UWBPoseTracker/UWBPoseTracker_ws/install/decawave_interfaces/share/decawave_interfaces/cmake/ament_cmake_export_include_directories-extras.cmake
[1.532s] -- Up-to-date symlink: /home/asrl/ROS2_UWBPoseTracker/UWBPoseTracker_ws/install/decawave_interfaces/share/decawave_interfaces/cmake/rosidl_cmake_export_typesupport_libraries-extras.cmake
[1.532s] -- Up-to-date symlink: /home/asrl/ROS2_UWBPoseTracker/UWBPoseTracker_ws/install/decawave_interfaces/share/decawave_interfaces/cmake/rosidl_cmake_export_typesupport_targets-extras.cmake
[1.532s] -- Up-to-date symlink: /home/asrl/ROS2_UWBPoseTracker/UWBPoseTracker_ws/install/decawave_interfaces/share/decawave_interfaces/cmake/decawave_interfacesConfig.cmake
[1.532s] -- Up-to-date symlink: /home/asrl/ROS2_UWBPoseTracker/UWBPoseTracker_ws/install/decawave_interfaces/share/decawave_interfaces/cmake/decawave_interfacesConfig-version.cmake
[1.532s] -- Up-to-date symlink: /home/asrl/ROS2_UWBPoseTracker/UWBPoseTracker_ws/install/decawave_interfaces/share/decawave_interfaces/package.xml
[1.532s] -- Installing: /home/asrl/ROS2_UWBPoseTracker/UWBPoseTracker_ws/install/decawave_interfaces/lib/libdecawave_interfaces__rosidl_generator_c.so
[1.532s] -- Set runtime path of "/home/asrl/ROS2_UWBPoseTracker/UWBPoseTracker_ws/install/decawave_interfaces/lib/libdecawave_interfaces__rosidl_generator_c.so" to ""
[1.532s] -- Installing: /home/asrl/ROS2_UWBPoseTracker/UWBPoseTracker_ws/install/decawave_interfaces/lib/libdecawave_interfaces__rosidl_typesupport_introspection_c.so
[1.533s] -- Set runtime path of "/home/asrl/ROS2_UWBPoseTracker/UWBPoseTracker_ws/install/decawave_interfaces/lib/libdecawave_interfaces__rosidl_typesupport_introspection_c.so" to ""
[1.533s] -- Installing: /home/asrl/ROS2_UWBPoseTracker/UWBPoseTracker_ws/install/decawave_interfaces/lib/libdecawave_interfaces__rosidl_typesupport_c.so
[1.533s] -- Set runtime path of "/home/asrl/ROS2_UWBPoseTracker/UWBPoseTracker_ws/install/decawave_interfaces/lib/libdecawave_interfaces__rosidl_typesupport_c.so" to ""
[1.533s] -- Installing: /home/asrl/ROS2_UWBPoseTracker/UWBPoseTracker_ws/install/decawave_interfaces/lib/libdecawave_interfaces__rosidl_typesupport_introspection_cpp.so
[1.533s] -- Set runtime path of "/home/asrl/ROS2_UWBPoseTracker/UWBPoseTracker_ws/install/decawave_interfaces/lib/libdecawave_interfaces__rosidl_typesupport_introspection_cpp.so" to ""
[1.533s] -- Installing: /home/asrl/ROS2_UWBPoseTracker/UWBPoseTracker_ws/install/decawave_interfaces/lib/libdecawave_interfaces__rosidl_typesupport_cpp.so
[1.533s] -- Set runtime path of "/home/asrl/ROS2_UWBPoseTracker/UWBPoseTracker_ws/install/decawave_interfaces/lib/libdecawave_interfaces__rosidl_typesupport_cpp.so" to ""
[1.554s] Compiling '/home/asrl/ROS2_UWBPoseTracker/UWBPoseTracker_ws/install/decawave_interfaces/lib/python3.8/site-packages/decawave_interfaces/__init__.py'...
[1.556s] -- Up-to-date: /home/asrl/ROS2_UWBPoseTracker/UWBPoseTracker_ws/install/decawave_interfaces/share/decawave_interfaces/cmake/decawave_interfaces__rosidl_generator_cExport.cmake
[1.556s] -- Installing: /home/asrl/ROS2_UWBPoseTracker/UWBPoseTracker_ws/install/decawave_interfaces/share/decawave_interfaces/cmake/decawave_interfaces__rosidl_generator_cExport-noconfig.cmake
[1.556s] -- Up-to-date: /home/asrl/ROS2_UWBPoseTracker/UWBPoseTracker_ws/install/decawave_interfaces/share/decawave_interfaces/cmake/decawave_interfaces__rosidl_typesupport_introspection_cExport.cmake
[1.556s] -- Installing: /home/asrl/ROS2_UWBPoseTracker/UWBPoseTracker_ws/install/decawave_interfaces/share/decawave_interfaces/cmake/decawave_interfaces__rosidl_typesupport_introspection_cExport-noconfig.cmake
[1.556s] -- Up-to-date: /home/asrl/ROS2_UWBPoseTracker/UWBPoseTracker_ws/install/decawave_interfaces/share/decawave_interfaces/cmake/decawave_interfaces__rosidl_typesupport_cExport.cmake
[1.556s] -- Installing: /home/asrl/ROS2_UWBPoseTracker/UWBPoseTracker_ws/install/decawave_interfaces/share/decawave_interfaces/cmake/decawave_interfaces__rosidl_typesupport_cExport-noconfig.cmake
[1.556s] -- Up-to-date: /home/asrl/ROS2_UWBPoseTracker/UWBPoseTracker_ws/install/decawave_interfaces/share/decawave_interfaces/cmake/decawave_interfaces__rosidl_generator_cppExport.cmake
[1.556s] -- Up-to-date: /home/asrl/ROS2_UWBPoseTracker/UWBPoseTracker_ws/install/decawave_interfaces/share/decawave_interfaces/cmake/decawave_interfaces__rosidl_typesupport_introspection_cppExport.cmake
[1.556s] -- Installing: /home/asrl/ROS2_UWBPoseTracker/UWBPoseTracker_ws/install/decawave_interfaces/share/decawave_interfaces/cmake/decawave_interfaces__rosidl_typesupport_introspection_cppExport-noconfig.cmake
[1.557s] -- Up-to-date: /home/asrl/ROS2_UWBPoseTracker/UWBPoseTracker_ws/install/decawave_interfaces/share/decawave_interfaces/cmake/decawave_interfaces__rosidl_typesupport_cppExport.cmake
[1.557s] -- Installing: /home/asrl/ROS2_UWBPoseTracker/UWBPoseTracker_ws/install/decawave_interfaces/share/decawave_interfaces/cmake/decawave_interfaces__rosidl_typesupport_cppExport-noconfig.cmake
[1.558s] Invoked command in '/home/asrl/ROS2_UWBPoseTracker/UWBPoseTracker_ws/build/decawave_interfaces' returned '0': CMAKE_PREFIX_PATH=${CMAKE_PREFIX_PATH}:/home/asrl/ROS2_UWBPoseTracker/UWBPoseTracker_ws/install/decawave_pose_tracker:/opt/ros/foxy:/home/asrl/ros2_decawave/install/decawave_test_controller /usr/bin/cmake --install /home/asrl/ROS2_UWBPoseTracker/UWBPoseTracker_ws/build/decawave_interfaces
