[0.010s] Invoking command in '/home/asrl/ROS2_UWBPoseTracker/UWBPoseTracker_ws/build/decawave_interfaces': CMAKE_PREFIX_PATH=${CMAKE_PREFIX_PATH}:/home/asrl/ROS2_UWBPoseTracker/UWBPoseTracker_ws/install/decawave_pose_tracker:/opt/ros/foxy:/home/asrl/ros2_decawave/install/decawave_test_controller /usr/bin/cmake /home/asrl/ROS2_UWBPoseTracker/UWBPoseTracker_ws/decawave_interfaces -DAMENT_CMAKE_SYMLINK_INSTALL=1 -DCMAKE_INSTALL_PREFIX=/home/asrl/ROS2_UWBPoseTracker/UWBPoseTracker_ws/install/decawave_interfaces
[0.050s] -- The C compiler identification is GNU 9.4.0
[0.092s] -- The CXX compiler identification is GNU 9.4.0
[0.096s] -- Check for working C compiler: /usr/bin/cc
[0.169s] -- Check for working C compiler: /usr/bin/cc -- works
[0.171s] -- Detecting C compiler ABI info
[0.248s] -- Detecting C compiler ABI info - done
[0.262s] -- Detecting C compile features
[0.262s] -- Detecting C compile features - done
[0.265s] -- Check for working CXX compiler: /usr/bin/c++
[0.340s] -- Check for working CXX compiler: /usr/bin/c++ -- works
[0.340s] -- Detecting CXX compiler ABI info
[0.412s] -- Detecting CXX compiler ABI info - done
[0.419s] -- Detecting CXX compile features
[0.420s] -- Detecting CXX compile features - done
[0.422s] -- Found ament_cmake: 0.9.12 (/opt/ros/foxy/share/ament_cmake/cmake)
[0.449s] -- Found PythonInterp: /usr/bin/python3 (found suitable version "3.8.10", minimum required is "3") 
[0.449s] -- Using PYTHON_EXECUTABLE: /usr/bin/python3
[0.565s] -- Override CMake install command with custom implementation using symlinks instead of copying resources
[0.585s] -- Found std_msgs: 2.0.5 (/opt/ros/foxy/share/std_msgs/cmake)
[0.606s] -- Using all available rosidl_typesupport_c: rosidl_typesupport_fastrtps_c;rosidl_typesupport_introspection_c
[0.612s] -- Found rosidl_adapter: 1.3.1 (/opt/ros/foxy/share/rosidl_adapter/cmake)
[0.660s] -- Found OpenSSL: /usr/lib/x86_64-linux-gnu/libcrypto.so (found version "1.1.1f")  
[0.679s] -- Found FastRTPS: /opt/ros/foxy/include  
[0.731s] -- Using all available rosidl_typesupport_cpp: rosidl_typesupport_fastrtps_cpp;rosidl_typesupport_introspection_cpp
[0.763s] -- Found rosidl_default_generators: 1.0.1 (/opt/ros/foxy/share/rosidl_default_generators/cmake)
[0.786s] -- Found PythonInterp: /usr/bin/python3 (found version "3.8.10") 
[0.881s] -- Found ament_cmake_ros: 0.9.2 (/opt/ros/foxy/share/ament_cmake_ros/cmake)
[0.992s] -- Using all available rosidl_typesupport_c: rosidl_typesupport_fastrtps_c;rosidl_typesupport_introspection_c
[1.032s] -- Using all available rosidl_typesupport_cpp: rosidl_typesupport_fastrtps_cpp;rosidl_typesupport_introspection_cpp
[1.050s] -- Found PythonInterp: /usr/bin/python3 (found suitable version "3.8.10", minimum required is "3.5") 
[1.051s] -- Found python_cmake_module: 0.8.1 (/opt/ros/foxy/share/python_cmake_module/cmake)
[1.070s] -- Found PythonLibs: /usr/lib/x86_64-linux-gnu/libpython3.8.so (found suitable version "3.8.10", minimum required is "3.5") 
[1.070s] -- Using PYTHON_EXECUTABLE: /usr/bin/python3
[1.070s] -- Using PYTHON_INCLUDE_DIRS: /usr/include/python3.8
[1.070s] -- Using PYTHON_LIBRARIES: /usr/lib/x86_64-linux-gnu/libpython3.8.so
[1.085s] -- Found PythonExtra: .so  
[1.246s] -- Found ament_lint_auto: 0.9.8 (/opt/ros/foxy/share/ament_lint_auto/cmake)
[1.265s] -- Added test 'lint_cmake' to check CMake code style
[1.265s] -- Added test 'xmllint' to check XML markup files
[1.271s] -- Configuring done
[1.309s] -- Generating done
[1.311s] -- Build files have been written to: /home/asrl/ROS2_UWBPoseTracker/UWBPoseTracker_ws/build/decawave_interfaces
[1.319s] Invoked command in '/home/asrl/ROS2_UWBPoseTracker/UWBPoseTracker_ws/build/decawave_interfaces' returned '0': CMAKE_PREFIX_PATH=${CMAKE_PREFIX_PATH}:/home/asrl/ROS2_UWBPoseTracker/UWBPoseTracker_ws/install/decawave_pose_tracker:/opt/ros/foxy:/home/asrl/ros2_decawave/install/decawave_test_controller /usr/bin/cmake /home/asrl/ROS2_UWBPoseTracker/UWBPoseTracker_ws/decawave_interfaces -DAMENT_CMAKE_SYMLINK_INSTALL=1 -DCMAKE_INSTALL_PREFIX=/home/asrl/ROS2_UWBPoseTracker/UWBPoseTracker_ws/install/decawave_interfaces
[1.319s] Invoking command in '/home/asrl/ROS2_UWBPoseTracker/UWBPoseTracker_ws/build/decawave_interfaces': CMAKE_PREFIX_PATH=${CMAKE_PREFIX_PATH}:/home/asrl/ROS2_UWBPoseTracker/UWBPoseTracker_ws/install/decawave_pose_tracker:/opt/ros/foxy:/home/asrl/ros2_decawave/install/decawave_test_controller /usr/bin/cmake --build /home/asrl/ROS2_UWBPoseTracker/UWBPoseTracker_ws/build/decawave_interfaces -- -j16 -l16
[1.344s] [35m[1mScanning dependencies of target decawave_interfaces__cpp[0m
[1.344s] [  2%] [34m[1mGenerating C code for ROS interfaces[0m
[1.352s] [  5%] [34m[1mGenerating C++ code for ROS interfaces[0m
[1.514s] [  5%] Built target decawave_interfaces__cpp
[1.519s] [35m[1mScanning dependencies of target decawave_interfaces__rosidl_generator_c[0m
[1.520s] [  7%] [34m[1mGenerating C++ type support dispatch for ROS interfaces[0m
[1.520s] [ 10%] [34m[1mGenerating C++ type support for eProsima Fast-RTPS[0m
[1.520s] [ 12%] [34m[1mGenerating C++ introspection for ROS interfaces[0m
[1.531s] [ 15%] [32mBuilding C object CMakeFiles/decawave_interfaces__rosidl_generator_c.dir/rosidl_generator_c/decawave_interfaces/msg/detail/deca_range_b__functions.c.o[0m
[1.532s] [ 17%] [32mBuilding C object CMakeFiles/decawave_interfaces__rosidl_generator_c.dir/rosidl_generator_c/decawave_interfaces/msg/detail/deca_range__functions.c.o[0m
[1.563s] [ 20%] [32m[1mLinking C shared library libdecawave_interfaces__rosidl_generator_c.so[0m
[1.589s] [ 20%] Built target decawave_interfaces__rosidl_generator_c
[1.595s] [ 25%] [34m[1mGenerating C type support dispatch for ROS interfaces[0m
[1.595s] [ 25%] [34m[1mGenerating C introspection for ROS interfaces[0m
[1.680s] [35m[1mScanning dependencies of target decawave_interfaces__rosidl_typesupport_cpp[0m
[1.682s] [35m[1mScanning dependencies of target decawave_interfaces__rosidl_typesupport_introspection_cpp[0m
[1.690s] [ 28%] [32mBuilding CXX object CMakeFiles/decawave_interfaces__rosidl_typesupport_cpp.dir/rosidl_typesupport_cpp/decawave_interfaces/msg/deca_range__type_support.cpp.o[0m
[1.691s] [ 30%] [32mBuilding CXX object CMakeFiles/decawave_interfaces__rosidl_typesupport_introspection_cpp.dir/rosidl_typesupport_introspection_cpp/decawave_interfaces/msg/detail/deca_range__type_support.cpp.o[0m
[1.691s] [ 33%] [32mBuilding CXX object CMakeFiles/decawave_interfaces__rosidl_typesupport_introspection_cpp.dir/rosidl_typesupport_introspection_cpp/decawave_interfaces/msg/detail/deca_range_b__type_support.cpp.o[0m
[1.691s] [ 35%] [32mBuilding CXX object CMakeFiles/decawave_interfaces__rosidl_typesupport_cpp.dir/rosidl_typesupport_cpp/decawave_interfaces/msg/deca_range_b__type_support.cpp.o[0m
[1.697s] [35m[1mScanning dependencies of target decawave_interfaces__rosidl_typesupport_fastrtps_cpp[0m
[1.709s] [ 41%] [32mBuilding CXX object CMakeFiles/decawave_interfaces__rosidl_typesupport_fastrtps_cpp.dir/rosidl_typesupport_fastrtps_cpp/decawave_interfaces/msg/detail/dds_fastrtps/deca_range__type_support.cpp.o[0m
[1.709s] [ 41%] [32mBuilding CXX object CMakeFiles/decawave_interfaces__rosidl_typesupport_fastrtps_cpp.dir/rosidl_typesupport_fastrtps_cpp/decawave_interfaces/msg/detail/dds_fastrtps/deca_range_b__type_support.cpp.o[0m
[1.743s] [35m[1mScanning dependencies of target decawave_interfaces__rosidl_typesupport_c[0m
[1.752s] [ 43%] [32mBuilding CXX object CMakeFiles/decawave_interfaces__rosidl_typesupport_c.dir/rosidl_typesupport_c/decawave_interfaces/msg/deca_range_b__type_support.cpp.o[0m
[1.753s] [ 46%] [32mBuilding CXX object CMakeFiles/decawave_interfaces__rosidl_typesupport_c.dir/rosidl_typesupport_c/decawave_interfaces/msg/deca_range__type_support.cpp.o[0m
[1.764s] [35m[1mScanning dependencies of target decawave_interfaces__rosidl_typesupport_introspection_c[0m
[1.773s] [ 48%] [32mBuilding C object CMakeFiles/decawave_interfaces__rosidl_typesupport_introspection_c.dir/rosidl_typesupport_introspection_c/decawave_interfaces/msg/detail/deca_range__type_support.c.o[0m
[1.775s] [ 51%] [32mBuilding C object CMakeFiles/decawave_interfaces__rosidl_typesupport_introspection_c.dir/rosidl_typesupport_introspection_c/decawave_interfaces/msg/detail/deca_range_b__type_support.c.o[0m
[1.779s] [ 53%] [32m[1mLinking CXX shared library libdecawave_interfaces__rosidl_typesupport_c.so[0m
[1.804s] [ 56%] [32m[1mLinking C shared library libdecawave_interfaces__rosidl_typesupport_introspection_c.so[0m
[1.806s] [ 56%] Built target decawave_interfaces__rosidl_typesupport_c
[1.825s] [ 56%] Built target decawave_interfaces__rosidl_typesupport_introspection_c
[1.866s] [ 58%] [32m[1mLinking CXX shared library libdecawave_interfaces__rosidl_typesupport_cpp.so[0m
[1.875s] [ 61%] [32m[1mLinking CXX shared library libdecawave_interfaces__rosidl_typesupport_introspection_cpp.so[0m
[1.891s] [ 61%] Built target decawave_interfaces__rosidl_typesupport_cpp
[1.913s] [ 61%] Built target decawave_interfaces__rosidl_typesupport_introspection_cpp
[1.969s] [ 64%] [32m[1mLinking CXX shared library libdecawave_interfaces__rosidl_typesupport_fastrtps_cpp.so[0m
[2.018s] [ 64%] Built target decawave_interfaces__rosidl_typesupport_fastrtps_cpp
[2.024s] [ 66%] [34m[1mGenerating C type support for eProsima Fast-RTPS[0m
[2.178s] [35m[1mScanning dependencies of target decawave_interfaces__rosidl_typesupport_fastrtps_c[0m
[2.187s] [ 69%] [32mBuilding CXX object CMakeFiles/decawave_interfaces__rosidl_typesupport_fastrtps_c.dir/rosidl_typesupport_fastrtps_c/decawave_interfaces/msg/detail/deca_range__type_support_c.cpp.o[0m
[2.187s] [ 71%] [32mBuilding CXX object CMakeFiles/decawave_interfaces__rosidl_typesupport_fastrtps_c.dir/rosidl_typesupport_fastrtps_c/decawave_interfaces/msg/detail/deca_range_b__type_support_c.cpp.o[0m
[2.384s] [ 74%] [32m[1mLinking CXX shared library libdecawave_interfaces__rosidl_typesupport_fastrtps_c.so[0m
[2.432s] [ 74%] Built target decawave_interfaces__rosidl_typesupport_fastrtps_c
[2.438s] [35m[1mScanning dependencies of target decawave_interfaces[0m
[2.444s] [ 74%] Built target decawave_interfaces
[2.449s] [35m[1mScanning dependencies of target decawave_interfaces__py[0m
[2.458s] [ 76%] [34m[1mGenerating Python code for ROS interfaces[0m
[2.776s] [ 76%] Built target decawave_interfaces__py
[2.781s] [35m[1mScanning dependencies of target decawave_interfaces__python[0m
[2.793s] [ 79%] [32mBuilding C object CMakeFiles/decawave_interfaces__python.dir/rosidl_generator_py/decawave_interfaces/msg/_deca_range_s.c.o[0m
[2.793s] [ 82%] [32mBuilding C object CMakeFiles/decawave_interfaces__python.dir/rosidl_generator_py/decawave_interfaces/msg/_deca_range_b_s.c.o[0m
[2.849s] [ 84%] [32m[1mLinking C shared library rosidl_generator_py/decawave_interfaces/libdecawave_interfaces__python.so[0m
[2.873s] [ 84%] Built target decawave_interfaces__python
[2.880s] [35m[1mScanning dependencies of target decawave_interfaces__rosidl_typesupport_c__pyext[0m
[2.881s] [35m[1mScanning dependencies of target decawave_interfaces__rosidl_typesupport_fastrtps_c__pyext[0m
[2.881s] [35m[1mScanning dependencies of target decawave_interfaces__rosidl_typesupport_introspection_c__pyext[0m
[2.892s] [ 89%] [32mBuilding C object CMakeFiles/decawave_interfaces__rosidl_typesupport_introspection_c__pyext.dir/rosidl_generator_py/decawave_interfaces/_decawave_interfaces_s.ep.rosidl_typesupport_introspection_c.c.o[0m
[2.892s] [ 89%] [32mBuilding C object CMakeFiles/decawave_interfaces__rosidl_typesupport_c__pyext.dir/rosidl_generator_py/decawave_interfaces/_decawave_interfaces_s.ep.rosidl_typesupport_c.c.o[0m
[2.892s] [ 92%] [32mBuilding C object CMakeFiles/decawave_interfaces__rosidl_typesupport_fastrtps_c__pyext.dir/rosidl_generator_py/decawave_interfaces/_decawave_interfaces_s.ep.rosidl_typesupport_fastrtps_c.c.o[0m
[2.941s] [100%] [32m[1mLinking C shared library rosidl_generator_py/decawave_interfaces/decawave_interfaces_s__rosidl_typesupport_c.cpython-38-x86_64-linux-gnu.so[0m
[2.941s] [100%] [32m[1mLinking CXX shared library rosidl_generator_py/decawave_interfaces/decawave_interfaces_s__rosidl_typesupport_fastrtps_c.cpython-38-x86_64-linux-gnu.so[0m
[2.941s] [100%] [32m[1mLinking C shared library rosidl_generator_py/decawave_interfaces/decawave_interfaces_s__rosidl_typesupport_introspection_c.cpython-38-x86_64-linux-gnu.so[0m
[2.962s] [100%] Built target decawave_interfaces__rosidl_typesupport_c__pyext
[2.962s] [100%] Built target decawave_interfaces__rosidl_typesupport_introspection_c__pyext
[2.979s] [100%] Built target decawave_interfaces__rosidl_typesupport_fastrtps_c__pyext
[2.986s] Invoked command in '/home/asrl/ROS2_UWBPoseTracker/UWBPoseTracker_ws/build/decawave_interfaces' returned '0': CMAKE_PREFIX_PATH=${CMAKE_PREFIX_PATH}:/home/asrl/ROS2_UWBPoseTracker/UWBPoseTracker_ws/install/decawave_pose_tracker:/opt/ros/foxy:/home/asrl/ros2_decawave/install/decawave_test_controller /usr/bin/cmake --build /home/asrl/ROS2_UWBPoseTracker/UWBPoseTracker_ws/build/decawave_interfaces -- -j16 -l16
[3.025s] Invoking command in '/home/asrl/ROS2_UWBPoseTracker/UWBPoseTracker_ws/build/decawave_interfaces': CMAKE_PREFIX_PATH=${CMAKE_PREFIX_PATH}:/home/asrl/ROS2_UWBPoseTracker/UWBPoseTracker_ws/install/decawave_pose_tracker:/opt/ros/foxy:/home/asrl/ros2_decawave/install/decawave_test_controller /usr/bin/cmake --install /home/asrl/ROS2_UWBPoseTracker/UWBPoseTracker_ws/build/decawave_interfaces
[3.030s] -- Install configuration: ""
[3.030s] -- Execute custom install script
[3.030s] -- Symlinking: /home/asrl/ROS2_UWBPoseTracker/UWBPoseTracker_ws/install/decawave_interfaces/share/ament_index/resource_index/rosidl_interfaces/decawave_interfaces
[3.036s] -- Symlinking: /home/asrl/ROS2_UWBPoseTracker/UWBPoseTracker_ws/install/decawave_interfaces/include/decawave_interfaces/msg/deca_range.h
[3.040s] -- Symlinking: /home/asrl/ROS2_UWBPoseTracker/UWBPoseTracker_ws/install/decawave_interfaces/include/decawave_interfaces/msg/deca_range_b.h
[3.044s] -- Symlinking: /home/asrl/ROS2_UWBPoseTracker/UWBPoseTracker_ws/install/decawave_interfaces/include/decawave_interfaces/msg/detail/deca_range__functions.h
[3.049s] -- Symlinking: /home/asrl/ROS2_UWBPoseTracker/UWBPoseTracker_ws/install/decawave_interfaces/include/decawave_interfaces/msg/detail/deca_range__struct.h
[3.053s] -- Symlinking: /home/asrl/ROS2_UWBPoseTracker/UWBPoseTracker_ws/install/decawave_interfaces/include/decawave_interfaces/msg/detail/deca_range__type_support.h
[3.058s] -- Symlinking: /home/asrl/ROS2_UWBPoseTracker/UWBPoseTracker_ws/install/decawave_interfaces/include/decawave_interfaces/msg/detail/deca_range_b__functions.h
[3.062s] -- Symlinking: /home/asrl/ROS2_UWBPoseTracker/UWBPoseTracker_ws/install/decawave_interfaces/include/decawave_interfaces/msg/detail/deca_range_b__struct.h
[3.066s] -- Symlinking: /home/asrl/ROS2_UWBPoseTracker/UWBPoseTracker_ws/install/decawave_interfaces/include/decawave_interfaces/msg/detail/deca_range_b__type_support.h
[3.071s] -- Symlinking: /home/asrl/ROS2_UWBPoseTracker/UWBPoseTracker_ws/install/decawave_interfaces/include/decawave_interfaces/msg/rosidl_generator_c__visibility_control.h
[3.075s] -- Symlinking: /home/asrl/ROS2_UWBPoseTracker/UWBPoseTracker_ws/install/decawave_interfaces/share/decawave_interfaces/environment/library_path.sh
[3.080s] -- Symlinking: /home/asrl/ROS2_UWBPoseTracker/UWBPoseTracker_ws/install/decawave_interfaces/share/decawave_interfaces/environment/library_path.dsv
[3.084s] -- Symlinking: /home/asrl/ROS2_UWBPoseTracker/UWBPoseTracker_ws/install/decawave_interfaces/include/decawave_interfaces/msg/detail/deca_range__rosidl_typesupport_fastrtps_c.h
[3.089s] -- Symlinking: /home/asrl/ROS2_UWBPoseTracker/UWBPoseTracker_ws/install/decawave_interfaces/include/decawave_interfaces/msg/detail/deca_range_b__rosidl_typesupport_fastrtps_c.h
[3.093s] -- Symlinking: /home/asrl/ROS2_UWBPoseTracker/UWBPoseTracker_ws/install/decawave_interfaces/include/decawave_interfaces/msg/rosidl_typesupport_fastrtps_c__visibility_control.h
[3.097s] -- Symlinking: /home/asrl/ROS2_UWBPoseTracker/UWBPoseTracker_ws/install/decawave_interfaces/lib/libdecawave_interfaces__rosidl_typesupport_fastrtps_c.so
[3.102s] -- Symlinking: /home/asrl/ROS2_UWBPoseTracker/UWBPoseTracker_ws/install/decawave_interfaces/include/decawave_interfaces/msg/detail/deca_range__rosidl_typesupport_fastrtps_cpp.hpp
[3.107s] -- Symlinking: /home/asrl/ROS2_UWBPoseTracker/UWBPoseTracker_ws/install/decawave_interfaces/include/decawave_interfaces/msg/detail/deca_range_b__rosidl_typesupport_fastrtps_cpp.hpp
[3.111s] -- Symlinking: /home/asrl/ROS2_UWBPoseTracker/UWBPoseTracker_ws/install/decawave_interfaces/include/decawave_interfaces/msg/rosidl_typesupport_fastrtps_cpp__visibility_control.h
[3.115s] -- Symlinking: /home/asrl/ROS2_UWBPoseTracker/UWBPoseTracker_ws/install/decawave_interfaces/lib/libdecawave_interfaces__rosidl_typesupport_fastrtps_cpp.so
[3.120s] -- Symlinking: /home/asrl/ROS2_UWBPoseTracker/UWBPoseTracker_ws/install/decawave_interfaces/include/decawave_interfaces/msg/detail/deca_range__rosidl_typesupport_introspection_c.h
[3.124s] -- Symlinking: /home/asrl/ROS2_UWBPoseTracker/UWBPoseTracker_ws/install/decawave_interfaces/include/decawave_interfaces/msg/detail/deca_range_b__rosidl_typesupport_introspection_c.h
[3.129s] -- Symlinking: /home/asrl/ROS2_UWBPoseTracker/UWBPoseTracker_ws/install/decawave_interfaces/include/decawave_interfaces/msg/rosidl_typesupport_introspection_c__visibility_control.h
[3.134s] -- Symlinking: /home/asrl/ROS2_UWBPoseTracker/UWBPoseTracker_ws/install/decawave_interfaces/include/decawave_interfaces/msg/deca_range.hpp
[3.138s] -- Symlinking: /home/asrl/ROS2_UWBPoseTracker/UWBPoseTracker_ws/install/decawave_interfaces/include/decawave_interfaces/msg/deca_range_b.hpp
[3.142s] -- Symlinking: /home/asrl/ROS2_UWBPoseTracker/UWBPoseTracker_ws/install/decawave_interfaces/include/decawave_interfaces/msg/detail/deca_range__builder.hpp
[3.147s] -- Symlinking: /home/asrl/ROS2_UWBPoseTracker/UWBPoseTracker_ws/install/decawave_interfaces/include/decawave_interfaces/msg/detail/deca_range__struct.hpp
[3.151s] -- Symlinking: /home/asrl/ROS2_UWBPoseTracker/UWBPoseTracker_ws/install/decawave_interfaces/include/decawave_interfaces/msg/detail/deca_range__traits.hpp
[3.155s] -- Symlinking: /home/asrl/ROS2_UWBPoseTracker/UWBPoseTracker_ws/install/decawave_interfaces/include/decawave_interfaces/msg/detail/deca_range__type_support.hpp
[3.160s] -- Symlinking: /home/asrl/ROS2_UWBPoseTracker/UWBPoseTracker_ws/install/decawave_interfaces/include/decawave_interfaces/msg/detail/deca_range_b__builder.hpp
[3.164s] -- Symlinking: /home/asrl/ROS2_UWBPoseTracker/UWBPoseTracker_ws/install/decawave_interfaces/include/decawave_interfaces/msg/detail/deca_range_b__struct.hpp
[3.168s] -- Symlinking: /home/asrl/ROS2_UWBPoseTracker/UWBPoseTracker_ws/install/decawave_interfaces/include/decawave_interfaces/msg/detail/deca_range_b__traits.hpp
[3.173s] -- Symlinking: /home/asrl/ROS2_UWBPoseTracker/UWBPoseTracker_ws/install/decawave_interfaces/include/decawave_interfaces/msg/detail/deca_range_b__type_support.hpp
[3.178s] -- Symlinking: /home/asrl/ROS2_UWBPoseTracker/UWBPoseTracker_ws/install/decawave_interfaces/include/decawave_interfaces/msg/rosidl_generator_cpp__visibility_control.hpp
[3.184s] -- Symlinking: /home/asrl/ROS2_UWBPoseTracker/UWBPoseTracker_ws/install/decawave_interfaces/include/decawave_interfaces/msg/detail/deca_range__rosidl_typesupport_introspection_cpp.hpp
[3.191s] -- Symlinking: /home/asrl/ROS2_UWBPoseTracker/UWBPoseTracker_ws/install/decawave_interfaces/include/decawave_interfaces/msg/detail/deca_range_b__rosidl_typesupport_introspection_cpp.hpp
[3.197s] -- Symlinking: /home/asrl/ROS2_UWBPoseTracker/UWBPoseTracker_ws/install/decawave_interfaces/share/decawave_interfaces/environment/pythonpath.sh
[3.204s] -- Symlinking: /home/asrl/ROS2_UWBPoseTracker/UWBPoseTracker_ws/install/decawave_interfaces/share/decawave_interfaces/environment/pythonpath.dsv
[3.208s] -- Symlinking: /home/asrl/ROS2_UWBPoseTracker/UWBPoseTracker_ws/install/decawave_interfaces/lib/python3.8/site-packages/decawave_interfaces/__init__.py
[3.213s] -- Symlinking: /home/asrl/ROS2_UWBPoseTracker/UWBPoseTracker_ws/install/decawave_interfaces/lib/python3.8/site-packages/decawave_interfaces/msg/__init__.py
[3.217s] -- Symlinking: /home/asrl/ROS2_UWBPoseTracker/UWBPoseTracker_ws/install/decawave_interfaces/lib/python3.8/site-packages/decawave_interfaces/msg/_deca_range.py
[3.222s] -- Symlinking: /home/asrl/ROS2_UWBPoseTracker/UWBPoseTracker_ws/install/decawave_interfaces/lib/python3.8/site-packages/decawave_interfaces/msg/_deca_range_b.py
[3.227s] -- Symlinking: /home/asrl/ROS2_UWBPoseTracker/UWBPoseTracker_ws/install/decawave_interfaces/lib/python3.8/site-packages/decawave_interfaces/decawave_interfaces_s__rosidl_typesupport_fastrtps_c.cpython-38-x86_64-linux-gnu.so
[3.232s] -- Symlinking: /home/asrl/ROS2_UWBPoseTracker/UWBPoseTracker_ws/install/decawave_interfaces/lib/python3.8/site-packages/decawave_interfaces/decawave_interfaces_s__rosidl_typesupport_introspection_c.cpython-38-x86_64-linux-gnu.so
[3.236s] -- Symlinking: /home/asrl/ROS2_UWBPoseTracker/UWBPoseTracker_ws/install/decawave_interfaces/lib/python3.8/site-packages/decawave_interfaces/decawave_interfaces_s__rosidl_typesupport_c.cpython-38-x86_64-linux-gnu.so
[3.241s] -- Symlinking: /home/asrl/ROS2_UWBPoseTracker/UWBPoseTracker_ws/install/decawave_interfaces/lib/libdecawave_interfaces__python.so
[3.245s] -- Symlinking: /home/asrl/ROS2_UWBPoseTracker/UWBPoseTracker_ws/install/decawave_interfaces/share/decawave_interfaces/msg/DecaRange.idl
[3.249s] -- Symlinking: /home/asrl/ROS2_UWBPoseTracker/UWBPoseTracker_ws/install/decawave_interfaces/share/decawave_interfaces/msg/DecaRangeB.idl
[3.254s] -- Symlinking: /home/asrl/ROS2_UWBPoseTracker/UWBPoseTracker_ws/install/decawave_interfaces/share/decawave_interfaces/msg/DecaRange.msg
[3.258s] -- Symlinking: /home/asrl/ROS2_UWBPoseTracker/UWBPoseTracker_ws/install/decawave_interfaces/share/decawave_interfaces/msg/DecaRangeB.msg
[3.264s] -- Symlinking: /home/asrl/ROS2_UWBPoseTracker/UWBPoseTracker_ws/install/decawave_interfaces/share/ament_index/resource_index/package_run_dependencies/decawave_interfaces
[3.268s] -- Symlinking: /home/asrl/ROS2_UWBPoseTracker/UWBPoseTracker_ws/install/decawave_interfaces/share/ament_index/resource_index/parent_prefix_path/decawave_interfaces
[3.273s] -- Symlinking: /home/asrl/ROS2_UWBPoseTracker/UWBPoseTracker_ws/install/decawave_interfaces/share/decawave_interfaces/environment/ament_prefix_path.sh
[3.277s] -- Symlinking: /home/asrl/ROS2_UWBPoseTracker/UWBPoseTracker_ws/install/decawave_interfaces/share/decawave_interfaces/environment/ament_prefix_path.dsv
[3.282s] -- Symlinking: /home/asrl/ROS2_UWBPoseTracker/UWBPoseTracker_ws/install/decawave_interfaces/share/decawave_interfaces/environment/path.sh
[3.289s] -- Symlinking: /home/asrl/ROS2_UWBPoseTracker/UWBPoseTracker_ws/install/decawave_interfaces/share/decawave_interfaces/environment/path.dsv
[3.297s] -- Symlinking: /home/asrl/ROS2_UWBPoseTracker/UWBPoseTracker_ws/install/decawave_interfaces/share/decawave_interfaces/local_setup.bash
[3.302s] -- Symlinking: /home/asrl/ROS2_UWBPoseTracker/UWBPoseTracker_ws/install/decawave_interfaces/share/decawave_interfaces/local_setup.sh
[3.307s] -- Symlinking: /home/asrl/ROS2_UWBPoseTracker/UWBPoseTracker_ws/install/decawave_interfaces/share/decawave_interfaces/local_setup.zsh
[3.311s] -- Symlinking: /home/asrl/ROS2_UWBPoseTracker/UWBPoseTracker_ws/install/decawave_interfaces/share/decawave_interfaces/local_setup.dsv
[3.315s] -- Symlinking: /home/asrl/ROS2_UWBPoseTracker/UWBPoseTracker_ws/install/decawave_interfaces/share/decawave_interfaces/package.dsv
[3.320s] -- Symlinking: /home/asrl/ROS2_UWBPoseTracker/UWBPoseTracker_ws/install/decawave_interfaces/share/ament_index/resource_index/packages/decawave_interfaces
[3.324s] -- Symlinking: /home/asrl/ROS2_UWBPoseTracker/UWBPoseTracker_ws/install/decawave_interfaces/share/decawave_interfaces/cmake/rosidl_cmake-extras.cmake
[3.328s] -- Symlinking: /home/asrl/ROS2_UWBPoseTracker/UWBPoseTracker_ws/install/decawave_interfaces/share/decawave_interfaces/cmake/ament_cmake_export_dependencies-extras.cmake
[3.333s] -- Symlinking: /home/asrl/ROS2_UWBPoseTracker/UWBPoseTracker_ws/install/decawave_interfaces/share/decawave_interfaces/cmake/ament_cmake_export_libraries-extras.cmake
[3.338s] -- Symlinking: /home/asrl/ROS2_UWBPoseTracker/UWBPoseTracker_ws/install/decawave_interfaces/share/decawave_interfaces/cmake/ament_cmake_export_targets-extras.cmake
[3.342s] -- Symlinking: /home/asrl/ROS2_UWBPoseTracker/UWBPoseTracker_ws/install/decawave_interfaces/share/decawave_interfaces/cmake/ament_cmake_export_include_directories-extras.cmake
[3.346s] -- Symlinking: /home/asrl/ROS2_UWBPoseTracker/UWBPoseTracker_ws/install/decawave_interfaces/share/decawave_interfaces/cmake/rosidl_cmake_export_typesupport_libraries-extras.cmake
[3.351s] -- Symlinking: /home/asrl/ROS2_UWBPoseTracker/UWBPoseTracker_ws/install/decawave_interfaces/share/decawave_interfaces/cmake/rosidl_cmake_export_typesupport_targets-extras.cmake
[3.355s] -- Symlinking: /home/asrl/ROS2_UWBPoseTracker/UWBPoseTracker_ws/install/decawave_interfaces/share/decawave_interfaces/cmake/decawave_interfacesConfig.cmake
[3.360s] -- Symlinking: /home/asrl/ROS2_UWBPoseTracker/UWBPoseTracker_ws/install/decawave_interfaces/share/decawave_interfaces/cmake/decawave_interfacesConfig-version.cmake
[3.364s] -- Symlinking: /home/asrl/ROS2_UWBPoseTracker/UWBPoseTracker_ws/install/decawave_interfaces/share/decawave_interfaces/package.xml
[3.368s] -- Installing: /home/asrl/ROS2_UWBPoseTracker/UWBPoseTracker_ws/install/decawave_interfaces/lib/libdecawave_interfaces__rosidl_generator_c.so
[3.368s] -- Set runtime path of "/home/asrl/ROS2_UWBPoseTracker/UWBPoseTracker_ws/install/decawave_interfaces/lib/libdecawave_interfaces__rosidl_generator_c.so" to ""
[3.368s] -- Installing: /home/asrl/ROS2_UWBPoseTracker/UWBPoseTracker_ws/install/decawave_interfaces/lib/libdecawave_interfaces__rosidl_typesupport_introspection_c.so
[3.369s] -- Set runtime path of "/home/asrl/ROS2_UWBPoseTracker/UWBPoseTracker_ws/install/decawave_interfaces/lib/libdecawave_interfaces__rosidl_typesupport_introspection_c.so" to ""
[3.369s] -- Installing: /home/asrl/ROS2_UWBPoseTracker/UWBPoseTracker_ws/install/decawave_interfaces/lib/libdecawave_interfaces__rosidl_typesupport_c.so
[3.369s] -- Set runtime path of "/home/asrl/ROS2_UWBPoseTracker/UWBPoseTracker_ws/install/decawave_interfaces/lib/libdecawave_interfaces__rosidl_typesupport_c.so" to ""
[3.369s] -- Installing: /home/asrl/ROS2_UWBPoseTracker/UWBPoseTracker_ws/install/decawave_interfaces/lib/libdecawave_interfaces__rosidl_typesupport_introspection_cpp.so
[3.369s] -- Set runtime path of "/home/asrl/ROS2_UWBPoseTracker/UWBPoseTracker_ws/install/decawave_interfaces/lib/libdecawave_interfaces__rosidl_typesupport_introspection_cpp.so" to ""
[3.369s] -- Installing: /home/asrl/ROS2_UWBPoseTracker/UWBPoseTracker_ws/install/decawave_interfaces/lib/libdecawave_interfaces__rosidl_typesupport_cpp.so
[3.369s] -- Set runtime path of "/home/asrl/ROS2_UWBPoseTracker/UWBPoseTracker_ws/install/decawave_interfaces/lib/libdecawave_interfaces__rosidl_typesupport_cpp.so" to ""
[3.397s] Compiling '/home/asrl/ROS2_UWBPoseTracker/UWBPoseTracker_ws/install/decawave_interfaces/lib/python3.8/site-packages/decawave_interfaces/__init__.py'...
[3.399s] -- Installing: /home/asrl/ROS2_UWBPoseTracker/UWBPoseTracker_ws/install/decawave_interfaces/share/decawave_interfaces/cmake/decawave_interfaces__rosidl_generator_cExport.cmake
[3.399s] -- Installing: /home/asrl/ROS2_UWBPoseTracker/UWBPoseTracker_ws/install/decawave_interfaces/share/decawave_interfaces/cmake/decawave_interfaces__rosidl_generator_cExport-noconfig.cmake
[3.399s] -- Installing: /home/asrl/ROS2_UWBPoseTracker/UWBPoseTracker_ws/install/decawave_interfaces/share/decawave_interfaces/cmake/decawave_interfaces__rosidl_typesupport_introspection_cExport.cmake
[3.399s] -- Installing: /home/asrl/ROS2_UWBPoseTracker/UWBPoseTracker_ws/install/decawave_interfaces/share/decawave_interfaces/cmake/decawave_interfaces__rosidl_typesupport_introspection_cExport-noconfig.cmake
[3.399s] -- Installing: /home/asrl/ROS2_UWBPoseTracker/UWBPoseTracker_ws/install/decawave_interfaces/share/decawave_interfaces/cmake/decawave_interfaces__rosidl_typesupport_cExport.cmake
[3.399s] -- Installing: /home/asrl/ROS2_UWBPoseTracker/UWBPoseTracker_ws/install/decawave_interfaces/share/decawave_interfaces/cmake/decawave_interfaces__rosidl_typesupport_cExport-noconfig.cmake
[3.399s] -- Installing: /home/asrl/ROS2_UWBPoseTracker/UWBPoseTracker_ws/install/decawave_interfaces/share/decawave_interfaces/cmake/decawave_interfaces__rosidl_generator_cppExport.cmake
[3.399s] -- Installing: /home/asrl/ROS2_UWBPoseTracker/UWBPoseTracker_ws/install/decawave_interfaces/share/decawave_interfaces/cmake/decawave_interfaces__rosidl_typesupport_introspection_cppExport.cmake
[3.399s] -- Installing: /home/asrl/ROS2_UWBPoseTracker/UWBPoseTracker_ws/install/decawave_interfaces/share/decawave_interfaces/cmake/decawave_interfaces__rosidl_typesupport_introspection_cppExport-noconfig.cmake
[3.399s] -- Installing: /home/asrl/ROS2_UWBPoseTracker/UWBPoseTracker_ws/install/decawave_interfaces/share/decawave_interfaces/cmake/decawave_interfaces__rosidl_typesupport_cppExport.cmake
[3.399s] -- Installing: /home/asrl/ROS2_UWBPoseTracker/UWBPoseTracker_ws/install/decawave_interfaces/share/decawave_interfaces/cmake/decawave_interfaces__rosidl_typesupport_cppExport-noconfig.cmake
[3.401s] Invoked command in '/home/asrl/ROS2_UWBPoseTracker/UWBPoseTracker_ws/build/decawave_interfaces' returned '0': CMAKE_PREFIX_PATH=${CMAKE_PREFIX_PATH}:/home/asrl/ROS2_UWBPoseTracker/UWBPoseTracker_ws/install/decawave_pose_tracker:/opt/ros/foxy:/home/asrl/ros2_decawave/install/decawave_test_controller /usr/bin/cmake --install /home/asrl/ROS2_UWBPoseTracker/UWBPoseTracker_ws/build/decawave_interfaces
