running egg_info
creating ../build/decawave_pose_tracker/decawave_pose_tracker.egg-info
writing manifest file '../build/decawave_pose_tracker/decawave_pose_tracker.egg-info/SOURCES.txt'
writing manifest file '../build/decawave_pose_tracker/decawave_pose_tracker.egg-info/SOURCES.txt'
running build
running build_py
creating /home/asrl/ROS2_UWBPoseTracker/UWBPoseTracker_ws/build/decawave_pose_tracker/build
creating /home/asrl/ROS2_UWBPoseTracker/UWBPoseTracker_ws/build/decawave_pose_tracker/build/lib
creating /home/asrl/ROS2_UWBPoseTracker/UWBPoseTracker_ws/build/decawave_pose_tracker/build/lib/decawave_pose_tracker
copying decawave_pose_tracker/__init__.py -> /home/asrl/ROS2_UWBPoseTracker/UWBPoseTracker_ws/build/decawave_pose_tracker/build/lib/decawave_pose_tracker
running install
running install_lib
creating /home/asrl/ROS2_UWBPoseTracker/UWBPoseTracker_ws/install/decawave_pose_tracker/lib/python3.8/site-packages/decawave_pose_tracker
byte-compiling /home/asrl/ROS2_UWBPoseTracker/UWBPoseTracker_ws/install/decawave_pose_tracker/lib/python3.8/site-packages/decawave_pose_tracker/__init__.py to __init__.cpython-38.pyc
running install_data
creating /home/asrl/ROS2_UWBPoseTracker/UWBPoseTracker_ws/install/decawave_pose_tracker/share/ament_index
creating /home/asrl/ROS2_UWBPoseTracker/UWBPoseTracker_ws/install/decawave_pose_tracker/share/ament_index/resource_index
creating /home/asrl/ROS2_UWBPoseTracker/UWBPoseTracker_ws/install/decawave_pose_tracker/share/ament_index/resource_index/packages
copying resource/decawave_pose_tracker -> /home/asrl/ROS2_UWBPoseTracker/UWBPoseTracker_ws/install/decawave_pose_tracker/share/ament_index/resource_index/packages
copying package.xml -> /home/asrl/ROS2_UWBPoseTracker/UWBPoseTracker_ws/install/decawave_pose_tracker/share/decawave_pose_tracker
running install_egg_info
Copying ../build/decawave_pose_tracker/decawave_pose_tracker.egg-info to /home/asrl/ROS2_UWBPoseTracker/UWBPoseTracker_ws/install/decawave_pose_tracker/lib/python3.8/site-packages/decawave_pose_tracker-0.0.0-py3.8.egg-info
running install_scripts
writing list of installed files to '/home/asrl/ROS2_UWBPoseTracker/UWBPoseTracker_ws/build/decawave_pose_tracker/install.log'
